<?xml version="1.0" encoding="UTF-8"?>
<coverage generated="1643053897972" clover="3.2.0">
  <project timestamp="1643053897972" name="All files">
    <metrics statements="60" coveredstatements="58" conditionals="11" coveredconditionals="10" methods="16" coveredmethods="15" elements="87" coveredelements="83" complexity="0" loc="60" ncloc="60" packages="3" files="7" classes="7"/>
    <package name="models">
      <metrics statements="29" coveredstatements="28" conditionals="6" coveredconditionals="6" methods="7" coveredmethods="6"/>
      <file name="BrandId.ts" path="/home/ddoyle/workspace/private/sandbox/interviews/car-app-demo/src/main/models/BrandId.ts">
        <metrics statements="9" coveredstatements="9" conditionals="2" coveredconditionals="2" methods="2" coveredmethods="2"/>
        <line num="1" count="2" type="stmt"/>
        <line num="3" count="2" type="cond" truecount="2" falsecount="0"/>
        <line num="4" count="2" type="stmt"/>
        <line num="5" count="2" type="stmt"/>
        <line num="6" count="2" type="stmt"/>
        <line num="7" count="2" type="stmt"/>
        <line num="10" count="2" type="stmt"/>
        <line num="17" count="2" type="stmt"/>
        <line num="18" count="6" type="stmt"/>
      </file>
      <file name="CarDto.ts" path="/home/ddoyle/workspace/private/sandbox/interviews/car-app-demo/src/main/models/CarDto.ts">
        <metrics statements="6" coveredstatements="5" conditionals="0" coveredconditionals="0" methods="1" coveredmethods="0"/>
        <line num="2" count="1" type="stmt"/>
        <line num="4" count="1" type="stmt"/>
        <line num="5" count="1" type="stmt"/>
        <line num="29" count="1" type="stmt"/>
        <line num="52" count="1" type="stmt"/>
        <line num="56" count="0" type="stmt"/>
      </file>
      <file name="PaintColor.ts" path="/home/ddoyle/workspace/private/sandbox/interviews/car-app-demo/src/main/models/PaintColor.ts">
        <metrics statements="8" coveredstatements="8" conditionals="2" coveredconditionals="2" methods="2" coveredmethods="2"/>
        <line num="1" count="2" type="stmt"/>
        <line num="3" count="2" type="cond" truecount="2" falsecount="0"/>
        <line num="4" count="2" type="stmt"/>
        <line num="5" count="2" type="stmt"/>
        <line num="6" count="2" type="stmt"/>
        <line num="7" count="2" type="stmt"/>
        <line num="10" count="2" type="stmt"/>
        <line num="11" count="6" type="stmt"/>
      </file>
      <file name="TransmissionType.ts" path="/home/ddoyle/workspace/private/sandbox/interviews/car-app-demo/src/main/models/TransmissionType.ts">
        <metrics statements="6" coveredstatements="6" conditionals="2" coveredconditionals="2" methods="2" coveredmethods="2"/>
        <line num="1" count="2" type="stmt"/>
        <line num="3" count="2" type="cond" truecount="2" falsecount="0"/>
        <line num="4" count="2" type="stmt"/>
        <line num="5" count="2" type="stmt"/>
        <line num="8" count="2" type="stmt"/>
        <line num="9" count="6" type="stmt"/>
      </file>
    </package>
    <package name="repository">
      <metrics statements="13" coveredstatements="13" conditionals="0" coveredconditionals="0" methods="6" coveredmethods="6"/>
      <file name="CarsRepository.ts" path="/home/ddoyle/workspace/private/sandbox/interviews/car-app-demo/src/main/repository/CarsRepository.ts">
        <metrics statements="13" coveredstatements="13" conditionals="0" coveredconditionals="0" methods="6" coveredmethods="6"/>
        <line num="1" count="1" type="stmt"/>
        <line num="5" count="1" type="stmt"/>
        <line num="6" count="1" type="stmt"/>
        <line num="7" count="1" type="stmt"/>
        <line num="9" count="1" type="stmt"/>
        <line num="12" count="1" type="stmt"/>
        <line num="24" count="1" type="stmt"/>
        <line num="28" count="3" type="stmt"/>
        <line num="32" count="1" type="stmt"/>
        <line num="36" count="6" type="stmt"/>
        <line num="37" count="6" type="stmt"/>
        <line num="41" count="1" type="stmt"/>
        <line num="45" count="5" type="stmt"/>
      </file>
    </package>
    <package name="utils">
      <metrics statements="18" coveredstatements="17" conditionals="5" coveredconditionals="4" methods="3" coveredmethods="3"/>
      <file name="Parser.ts" path="/home/ddoyle/workspace/private/sandbox/interviews/car-app-demo/src/main/utils/Parser.ts">
        <metrics statements="15" coveredstatements="15" conditionals="3" coveredconditionals="3" methods="2" coveredmethods="2"/>
        <line num="1" count="1" type="stmt"/>
        <line num="3" count="1" type="stmt"/>
        <line num="4" count="1" type="stmt"/>
        <line num="6" count="1" type="stmt"/>
        <line num="8" count="1" type="stmt"/>
        <line num="13" count="2" type="stmt"/>
        <line num="14" count="2" type="cond" truecount="1" falsecount="0"/>
        <line num="15" count="1" type="stmt"/>
        <line num="17" count="2" type="stmt"/>
        <line num="20" count="1" type="stmt"/>
        <line num="25" count="3" type="stmt"/>
        <line num="26" count="3" type="stmt"/>
        <line num="27" count="3" type="cond" truecount="2" falsecount="0"/>
        <line num="28" count="2" type="stmt"/>
        <line num="30" count="1" type="stmt"/>
      </file>
      <file name="utils.ts" path="/home/ddoyle/workspace/private/sandbox/interviews/car-app-demo/src/main/utils/utils.ts">
        <metrics statements="3" coveredstatements="2" conditionals="2" coveredconditionals="1" methods="1" coveredmethods="1"/>
        <line num="1" count="2" type="stmt"/>
        <line num="2" count="18" type="cond" truecount="1" falsecount="1"/>
        <line num="3" count="0" type="stmt"/>
      </file>
    </package>
  </project>
</coverage>
