TN:
SF:src/main/models/BrandId.ts
FN:3,(anonymous_0)
FN:17,(anonymous_1)
FNF:2
FNH:2
FNDA:2,(anonymous_0)
FNDA:6,(anonymous_1)
DA:1,2
DA:3,2
DA:4,2
DA:5,2
DA:6,2
DA:7,2
DA:10,2
DA:17,2
DA:18,6
LF:9
LH:9
BRDA:3,0,0,2
BRDA:3,0,1,2
BRF:2
BRH:2
end_of_record
TN:
SF:src/main/models/CarDto.ts
FN:52,(anonymous_0)
FNF:1
FNH:0
FNDA:0,(anonymous_0)
DA:2,1
DA:4,1
DA:5,1
DA:29,1
DA:52,1
DA:56,0
LF:6
LH:5
BRF:0
BRH:0
end_of_record
TN:
SF:src/main/models/PaintColor.ts
FN:3,(anonymous_0)
FN:10,(anonymous_1)
FNF:2
FNH:2
FNDA:2,(anonymous_0)
FNDA:6,(anonymous_1)
DA:1,2
DA:3,2
DA:4,2
DA:5,2
DA:6,2
DA:7,2
DA:10,2
DA:11,6
LF:8
LH:8
BRDA:3,0,0,2
BRDA:3,0,1,2
BRF:2
BRH:2
end_of_record
TN:
SF:src/main/models/TransmissionType.ts
FN:3,(anonymous_0)
FN:8,(anonymous_1)
FNF:2
FNH:2
FNDA:2,(anonymous_0)
FNDA:6,(anonymous_1)
DA:1,2
DA:3,2
DA:4,2
DA:5,2
DA:8,2
DA:9,6
LF:6
LH:6
BRDA:3,0,0,2
BRDA:3,0,1,2
BRF:2
BRH:2
end_of_record
TN:
SF:src/main/repository/CarsRepository.ts
FN:11,(anonymous_0)
FN:27,(anonymous_1)
FN:31,(anonymous_2)
FN:35,(anonymous_3)
FN:40,(anonymous_4)
FN:44,(anonymous_5)
FNF:6
FNH:6
FNDA:1,(anonymous_0)
FNDA:3,(anonymous_1)
FNDA:1,(anonymous_2)
FNDA:6,(anonymous_3)
FNDA:1,(anonymous_4)
FNDA:5,(anonymous_5)
DA:1,1
DA:5,1
DA:6,1
DA:7,1
DA:9,1
DA:12,1
DA:24,1
DA:28,3
DA:32,1
DA:36,6
DA:37,6
DA:41,1
DA:45,5
LF:13
LH:13
BRF:0
BRH:0
end_of_record
TN:
SF:src/main/utils/Parser.ts
FN:8,(anonymous_7)
FN:20,(anonymous_8)
FNF:2
FNH:2
FNDA:2,(anonymous_7)
FNDA:3,(anonymous_8)
DA:1,1
DA:3,1
DA:4,1
DA:6,1
DA:8,1
DA:13,2
DA:14,2
DA:15,1
DA:17,2
DA:20,1
DA:25,3
DA:26,3
DA:27,3
DA:28,2
DA:30,1
LF:15
LH:15
BRDA:14,0,0,1
BRDA:27,1,0,2
BRDA:27,1,1,1
BRF:3
BRH:3
end_of_record
TN:
SF:src/main/utils/utils.ts
FN:1,(anonymous_0)
FNF:1
FNH:1
FNDA:18,(anonymous_0)
DA:1,2
DA:2,18
DA:3,0
LF:3
LH:2
BRDA:2,0,0,18
BRDA:2,0,1,0
BRF:2
BRH:1
end_of_record
